<?xml version="1.0" encoding="UTF-8"?>
<testng-results skipped="0" failed="0" ignored="0" total="1" passed="1">
  <reporter-output>
  </reporter-output>
  <suite name="Sumtoal" duration-ms="45017" started-at="2021-11-23T22:00:04 IST" finished-at="2021-11-23T22:00:49 IST">
    <groups>
    </groups>
    <test name="Sanity" duration-ms="45017" started-at="2021-11-23T22:00:04 IST" finished-at="2021-11-23T22:00:49 IST">
      <class name="com.Sumtotal.testCases.TC_Login_001">
        <test-method status="PASS" signature="SetUp(java.lang.String)[pri:0, instance:com.Sumtotal.testCases.TC_Login_001@5649fd9b]" name="SetUp" is-config="true" duration-ms="11483" started-at="2021-11-23T22:00:04 IST" finished-at="2021-11-23T22:00:15 IST">
          <params>
            <param index="0">
              <value>
                <![CDATA[chrome]]>
              </value>
            </param>
          </params>
          <reporter-output>
          </reporter-output>
        </test-method> <!-- SetUp -->
        <test-method status="PASS" signature="ValidateLogin()[pri:0, instance:com.Sumtotal.testCases.TC_Login_001@5649fd9b]" name="ValidateLogin" duration-ms="28368" started-at="2021-11-23T22:00:15 IST" finished-at="2021-11-23T22:00:44 IST">
          <reporter-output>
          </reporter-output>
        </test-method> <!-- ValidateLogin -->
        <test-method status="PASS" signature="TearDown()[pri:0, instance:com.Sumtotal.testCases.TC_Login_001@5649fd9b]" name="TearDown" is-config="true" duration-ms="5128" started-at="2021-11-23T22:00:44 IST" finished-at="2021-11-23T22:00:49 IST">
          <reporter-output>
          </reporter-output>
        </test-method> <!-- TearDown -->
      </class> <!-- com.Sumtotal.testCases.TC_Login_001 -->
    </test> <!-- Sanity -->
  </suite> <!-- Sumtoal -->
</testng-results>
